<?xml version="1.0" encoding="UTF-8"?>
<!-- Generated by org.testng.reporters.JUnitXMLReporter -->
<testsuite ignored="8" hostname="DESKTOP-11MTSOP" failures="0" tests="8" name="Test" time="185.762" errors="0" timestamp="2022-08-25T10:28:35 IST">
  <testcase classname="com.PRODUCT.CreateNewProductTest" name="createNewProduct" time="15.147"/>
  <testcase classname="com.BUSINESSWORKFLOW.TC_BW_02Test" name="createOrg" time="8.968"/>
  <testcase classname="com.BUSINESSWORKFLOW.TC_BW_02Test" name="createProd" time="7.922"/>
  <testcase classname="com.BUSINESSWORKFLOW.TC_BW_02Test" name="createSales" time="13.85"/>
  <testcase classname="com.OPPORTUNITY.VerifyDataFlowBtwnContactsAndOpportunityTest" name="preconditionCreateContact" time="7.751"/>
  <testcase classname="com.OPPORTUNITY.VerifyDataFlowBtwnContactsAndOpportunityTest" name="verifyDataFlowBtwnContactAndOpportuniy" time="9.768"/>
  <testcase classname="com.LEAD.CreateNewLeadTest" name="createLead" time="7.22"/>
  <testcase classname="com.CAMPAIGN.DuplicateCampaignTest" name="duplicateCampaignTest" time="13.956"/>
  <testcase classname="com.crm.GenricUtility.BaseClass" name="@BeforeSuite connectDB" time="0.0">
    <ignored/>
  </testcase> <!-- @BeforeSuite connectDB -->
  <testcase classname="com.crm.GenricUtility.BaseClass" name="@BeforeSuite connectDB" time="0.0">
    <ignored/>
  </testcase> <!-- @BeforeSuite connectDB -->
  <testcase classname="com.crm.GenricUtility.BaseClass" name="@BeforeSuite connectDB" time="0.0">
    <ignored/>
  </testcase> <!-- @BeforeSuite connectDB -->
  <testcase classname="com.crm.GenricUtility.BaseClass" name="@BeforeSuite connectDB" time="0.0">
    <ignored/>
  </testcase> <!-- @BeforeSuite connectDB -->
  <testcase classname="com.crm.GenricUtility.BaseClass" name="@AfterSuite closeDB" time="0.0">
    <ignored/>
  </testcase> <!-- @AfterSuite closeDB -->
  <testcase classname="com.crm.GenricUtility.BaseClass" name="@AfterSuite closeDB" time="0.0">
    <ignored/>
  </testcase> <!-- @AfterSuite closeDB -->
  <testcase classname="com.crm.GenricUtility.BaseClass" name="@AfterSuite closeDB" time="0.0">
    <ignored/>
  </testcase> <!-- @AfterSuite closeDB -->
  <testcase classname="com.crm.GenricUtility.BaseClass" name="@AfterSuite closeDB" time="0.0">
    <ignored/>
  </testcase> <!-- @AfterSuite closeDB -->
</testsuite> <!-- Test -->
